<?xml version="1.0" encoding="UTF-8"?>
<coverage generated="1658300199987" clover="3.2.0">
  <project timestamp="1658300199987" name="All files">
    <metrics statements="20" coveredstatements="13" conditionals="0" coveredconditionals="0" methods="5" coveredmethods="2" elements="25" coveredelements="15" complexity="0" loc="20" ncloc="20" packages="2" files="2" classes="2"/>
    <package name="models">
      <metrics statements="6" coveredstatements="6" conditionals="0" coveredconditionals="0" methods="0" coveredmethods="0"/>
      <file name="user.model.js" path="C:\Users\admin\Documents\לימודים סמינר\חומרי לימוד\בוטקמפ\bootcamp-template-main\bootcamp-server-node\models\user.model.js">
        <metrics statements="6" coveredstatements="6" conditionals="0" coveredconditionals="0" methods="0" coveredmethods="0"/>
        <line num="1" count="1" type="stmt"/>
        <line num="2" count="1" type="stmt"/>
        <line num="6" count="1" type="stmt"/>
        <line num="29" count="1" type="stmt"/>
        <line num="30" count="1" type="stmt"/>
        <line num="31" count="1" type="stmt"/>
      </file>
    </package>
    <package name="services">
      <metrics statements="14" coveredstatements="7" conditionals="0" coveredconditionals="0" methods="5" coveredmethods="2"/>
      <file name="user.service.js" path="C:\Users\admin\Documents\לימודים סמינר\חומרי לימוד\בוטקמפ\bootcamp-template-main\bootcamp-server-node\services\user.service.js">
        <metrics statements="14" coveredstatements="7" conditionals="0" coveredconditionals="0" methods="5" coveredmethods="2"/>
        <line num="1" count="1" type="stmt"/>
        <line num="2" count="1" type="stmt"/>
        <line num="3" count="1" type="stmt"/>
        <line num="5" count="1" type="stmt"/>
        <line num="7" count="1" type="stmt"/>
        <line num="8" count="0" type="stmt"/>
        <line num="12" count="1" type="stmt"/>
        <line num="13" count="1" type="stmt"/>
        <line num="17" count="0" type="stmt"/>
        <line num="18" count="0" type="stmt"/>
        <line num="22" count="0" type="stmt"/>
        <line num="23" count="0" type="stmt"/>
        <line num="27" count="0" type="stmt"/>
        <line num="28" count="0" type="stmt"/>
      </file>
    </package>
  </project>
</coverage>
