{"C:\\Users\\admin\\Documents\\לימודים סמינר\\חומרי לימוד\\בוטקמפ\\bootcamp-template-main\\bootcamp-server-node\\models\\user.model.js": {"path":"C:\\Users\\admin\\Documents\\לימודים סמינר\\חומרי לימוד\\בוטקמפ\\bootcamp-template-main\\bootcamp-server-node\\models\\user.model.js","statementMap":{"0":{"start":{"line":1,"column":13},"end":{"line":1,"column":32}},"1":{"start":{"line":2,"column":13},"end":{"line":2,"column":28}},"2":{"start":{"line":6,"column":17},"end":{"line":28,"column":3}},"3":{"start":{"line":29,"column":1},"end":{"line":29,"column":43}},"4":{"start":{"line":30,"column":1},"end":{"line":30,"column":41}},"5":{"start":{"line":31,"column":0},"end":{"line":31,"column":48}}},"fnMap":{},"branchMap":{},"s":{"0":1,"1":1,"2":1,"3":1,"4":1,"5":1},"f":{},"b":{},"_coverageSchema":"1a1c01bbd47fc00a2c39e90264f33305004495a9","hash":"34f75aa4621112ab7ce89cacdc6be84f7e261e83"}
,"C:\\Users\\admin\\Documents\\לימודים סמינר\\חומרי לימוד\\בוטקמפ\\bootcamp-template-main\\bootcamp-server-node\\services\\user.service.js": {"path":"C:\\Users\\admin\\Documents\\לימודים סמינר\\חומרי לימוד\\בוטקמפ\\bootcamp-template-main\\bootcamp-server-node\\services\\user.service.js","statementMap":{"0":{"start":{"line":1,"column":17},"end":{"line":1,"column":35}},"1":{"start":{"line":2,"column":15},"end":{"line":2,"column":34}},"2":{"start":{"line":3,"column":16},"end":{"line":3,"column":47}},"3":{"start":{"line":5,"column":0},"end":{"line":30,"column":5}},"4":{"start":{"line":7,"column":19},"end":{"line":7,"column":41}},"5":{"start":{"line":8,"column":8},"end":{"line":8,"column":20}},"6":{"start":{"line":12,"column":21},"end":{"line":12,"column":53}},"7":{"start":{"line":13,"column":8},"end":{"line":13,"column":20}},"8":{"start":{"line":18,"column":8},"end":{"line":18,"column":60}},"9":{"start":{"line":19,"column":8},"end":{"line":19,"column":52}},"10":{"start":{"line":23,"column":8},"end":{"line":23,"column":54}},"11":{"start":{"line":24,"column":8},"end":{"line":24,"column":37}},"12":{"start":{"line":28,"column":25},"end":{"line":28,"column":41}},"13":{"start":{"line":29,"column":6},"end":{"line":29,"column":26}}},"fnMap":{"0":{"name":"(anonymous_0)","decl":{"start":{"line":5,"column":28},"end":{"line":5,"column":29}},"loc":{"start":{"line":5,"column":38},"end":{"line":9,"column":5}},"line":5},"1":{"name":"(anonymous_1)","decl":{"start":{"line":11,"column":31},"end":{"line":11,"column":32}},"loc":{"start":{"line":11,"column":44},"end":{"line":14,"column":5}},"line":11},"2":{"name":"(anonymous_2)","decl":{"start":{"line":16,"column":31},"end":{"line":16,"column":32}},"loc":{"start":{"line":16,"column":51},"end":{"line":20,"column":5}},"line":16},"3":{"name":"(anonymous_3)","decl":{"start":{"line":22,"column":30},"end":{"line":22,"column":31}},"loc":{"start":{"line":22,"column":41},"end":{"line":25,"column":5}},"line":22},"4":{"name":"(anonymous_4)","decl":{"start":{"line":27,"column":30},"end":{"line":27,"column":31}},"loc":{"start":{"line":27,"column":42},"end":{"line":30,"column":5}},"line":27}},"branchMap":{},"s":{"0":1,"1":1,"2":1,"3":1,"4":1,"5":0,"6":1,"7":1,"8":0,"9":0,"10":0,"11":0,"12":0,"13":0},"f":{"0":1,"1":1,"2":0,"3":0,"4":0},"b":{},"_coverageSchema":"1a1c01bbd47fc00a2c39e90264f33305004495a9","hash":"423ad52484df0cff4e7cdcf23863324fe8ab47f0"}
}
