TN:
SF:models\user.model.js
FNF:0
FNH:0
DA:1,1
DA:2,1
DA:6,1
DA:29,1
DA:30,1
DA:31,1
LF:6
LH:6
BRF:0
BRH:0
end_of_record
TN:
SF:services\user.service.js
FN:5,(anonymous_0)
FN:11,(anonymous_1)
FN:16,(anonymous_2)
FN:22,(anonymous_3)
FN:27,(anonymous_4)
FNF:5
FNH:2
FNDA:1,(anonymous_0)
FNDA:1,(anonymous_1)
FNDA:0,(anonymous_2)
FNDA:0,(anonymous_3)
FNDA:0,(anonymous_4)
DA:1,1
DA:2,1
DA:3,1
DA:5,1
DA:7,1
DA:8,0
DA:12,1
DA:13,1
DA:18,0
DA:19,0
DA:23,0
DA:24,0
DA:28,0
DA:29,0
LF:14
LH:7
BRF:0
BRH:0
end_of_record
